2025-10-10 22:04:58 Loading main app package /usr/lib/obsidian/obsidian.asar
2025-10-10 22:04:59 Checking for update using Github
2025-10-10 22:04:59 Success.
2025-10-10 22:04:59 Latest version is 1.9.14
2025-10-10 22:04:59 App is up to date.
2025-10-10 22:11:46 Loading main app package /usr/lib/obsidian/obsidian.asar
2025-10-10 22:11:46 Checking for update using Github
2025-10-10 22:11:47 Success.
2025-10-10 22:11:47 Latest version is 1.9.14
2025-10-10 22:11:47 App is up to date.
2025-10-10 22:22:30 Loading main app package /usr/lib/obsidian/obsidian.asar
2025-10-10 22:22:30 Checking for update using Github
2025-10-10 22:22:31 Success.
2025-10-10 22:22:31 Latest version is 1.9.14
2025-10-10 22:22:31 App is up to date.
2025-10-10 22:22:41 Loading main app package /usr/lib/obsidian/obsidian.asar
2025-10-10 22:22:41 Checking for update using Github
2025-10-10 22:22:41 Success.
2025-10-10 22:22:41 Latest version is 1.9.14
2025-10-10 22:22:41 App is up to date.
2025-10-10 22:25:38 Loading main app package /usr/lib/obsidian/obsidian.asar
2025-10-10 22:25:38 Checking for update using Github
2025-10-10 22:25:39 Success.
2025-10-10 22:25:39 Latest version is 1.9.14
2025-10-10 22:25:39 App is up to date.
2025-10-10 22:25:51 Loading main app package /usr/lib/obsidian/obsidian.asar
2025-10-10 22:25:51 Checking for update using Github
2025-10-10 22:25:51 Success.
2025-10-10 22:25:51 Latest version is 1.9.14
2025-10-10 22:25:51 App is up to date.
2025-10-10 22:26:35 Loading main app package /usr/lib/obsidian/obsidian.asar
2025-10-10 22:26:35 Checking for update using Github
2025-10-10 22:26:35 Success.
2025-10-10 22:26:35 Latest version is 1.9.14
2025-10-10 22:26:35 App is up to date.
2025-10-10 22:26:58 Loading main app package /usr/lib/obsidian/obsidian.asar
2025-10-10 22:26:59 Checking for update using Github
2025-10-10 22:26:59 Success.
2025-10-10 22:26:59 Latest version is 1.9.14
2025-10-10 22:26:59 App is up to date.
2025-10-10 23:43:07 Loading main app package /usr/lib/obsidian/obsidian.asar
2025-10-10 23:43:07 Checking for update using Github
2025-10-10 23:43:08 Success.
2025-10-10 23:43:08 Latest version is 1.9.14
2025-10-10 23:43:08 App is up to date.
2025-11-06 10:14:02 Loading main app package /usr/lib/obsidian/obsidian.asar
2025-11-06 10:14:02 Checking for update using Github
2025-11-06 10:14:02 Success.
2025-11-06 10:14:02 Latest version is 1.9.14
2025-11-06 10:14:02 App is up to date.
2025-11-08 23:46:40 Loading main app package /usr/lib/obsidian/obsidian.asar
2025-11-08 23:46:41 Checking for update using Github
2025-11-08 23:46:41 Success.
2025-11-08 23:46:41 Latest version is 1.9.14
2025-11-08 23:46:41 App is up to date.
2025-11-09 00:46:40 Checking for update using Github
2025-11-09 00:46:41 Success.
2025-11-09 00:46:41 Latest version is 1.9.14
2025-11-09 00:46:41 App is up to date.
2025-11-09 01:46:40 Checking for update using Github
2025-11-09 01:46:41 Success.
2025-11-09 01:46:41 Latest version is 1.9.14
2025-11-09 01:46:41 App is up to date.
